<?xml version="1.0" encoding="UTF-8"?>
<!-- Generated by org.testng.reporters.JUnitReportReporter -->
<testsuite hostname="LAPTOP-J08G42B1" failures="0" tests="2" name="com.testngsamples.Samples.Example3" time="0.010" errors="0" timestamp="2025-03-25T16:13:43 IST" skipped="1">
  <testcase classname="com.testngsamples.Samples.Example3" name="aSkipTest" time="0.008">
    <skipped/>
  </testcase> <!-- aSkipTest -->
  <testcase classname="com.testngsamples.Samples.Example3" name="nonSkipTest" time="0.002"/>
</testsuite> <!-- com.testngsamples.Samples.Example3 -->
