<?xml version="1.0" encoding="UTF-8"?>
<!-- Generated by org.testng.reporters.JUnitReportReporter -->
<testsuite hostname="LAPTOP-J08G42B1" failures="0" tests="11" name="com.testngsamples.Samples.Example6" time="0.029" errors="0" timestamp="2025-03-23T14:29:23 IST" skipped="0">
  <testcase classname="com.testngsamples.Samples.Example6" name="sample" time="0.003"/>
  <testcase classname="com.testngsamples.Samples.Example6" name="sample" time="0.009"/>
  <testcase classname="com.testngsamples.Samples.Example6" name="sample" time="0.002"/>
  <testcase classname="com.testngsamples.Samples.Example6" name="sample" time="0.002"/>
  <testcase classname="com.testngsamples.Samples.Example6" name="sample" time="0.003"/>
  <testcase classname="com.testngsamples.Samples.Example6" name="sample" time="0.001"/>
  <testcase classname="com.testngsamples.Samples.Example6" name="sample" time="0.003"/>
  <testcase classname="com.testngsamples.Samples.Example6" name="sample1" time="0.001"/>
  <testcase classname="com.testngsamples.Samples.Example6" name="sample" time="0.001"/>
  <testcase classname="com.testngsamples.Samples.Example6" name="sample" time="0.002"/>
  <testcase classname="com.testngsamples.Samples.Example6" name="sample" time="0.002"/>
</testsuite> <!-- com.testngsamples.Samples.Example6 -->
