<?xml version="1.0" encoding="UTF-8"?>
<!-- Generated by org.testng.reporters.JUnitReportReporter -->
<testsuite hostname="LAPTOP-J08G42B1" failures="0" tests="2" name="com.testngsamples.Samples.Example1" time="0.014" errors="0" timestamp="2025-03-23T14:07:32 IST" skipped="0">
  <testcase classname="com.testngsamples.Samples.Example1" name="testCase2" time="0.005"/>
  <testcase classname="com.testngsamples.Samples.Example1" name="testCasel" time="0.009"/>
</testsuite> <!-- com.testngsamples.Samples.Example1 -->
