<?xml version="1.0" encoding="UTF-8"?>
<!-- Generated by org.testng.reporters.JUnitReportReporter -->
<testsuite hostname="LAPTOP-J08G42B1" failures="0" tests="6" name="com.testngsamples.Samples.Example2" time="0.025" errors="0" timestamp="2025-03-23T14:07:53 IST" skipped="1">
  <testcase classname="com.testngsamples.Samples.Example2" name="startTheCar" time="0.010"/>
  <testcase classname="com.testngsamples.Samples.Example2" name="shiftFirstGear" time="0.002"/>
  <testcase classname="com.testngsamples.Samples.Example2" name="shiftSecondGear" time="0.003"/>
  <testcase classname="com.testngsamples.Samples.Example2" name="shiftThirdGear" time="0.005"/>
  <testcase classname="com.testngsamples.Samples.Example2" name="swiftFourthGear" time="0.005"/>
  <testcase classname="com.testngsamples.Samples.Example2" name="turnMusicOn">
    <skipped/>
  </testcase> <!-- turnMusicOn -->
</testsuite> <!-- com.testngsamples.Samples.Example2 -->
