<?xml version="1.0" encoding="UTF-8"?>
<!-- Generated by org.testng.reporters.JUnitReportReporter -->
<testsuite hostname="LAPTOP-J08G42B1" failures="0" tests="1" name="com.testngsamples.Samples.Example7_1_G2" time="0.003" errors="0" timestamp="2025-04-07T11:33:26 IST" skipped="0">
  <testcase classname="com.testngsamples.Samples.Example7_1_G2" name="ParentLogin" time="0.003"/>
</testsuite> <!-- com.testngsamples.Samples.Example7_1_G2 -->
