<?xml version="1.0" encoding="UTF-8"?>
<!-- Generated by org.testng.reporters.JUnitReportReporter -->
<testsuite hostname="LAPTOP-J08G42B1" failures="0" tests="1" name="com.testngsamples.Samples.Example7_1_G1" time="0.016" errors="0" timestamp="2025-03-25T15:02:52 IST" skipped="0">
  <testcase classname="com.testngsamples.Samples.Example7_1_G1" name="FacultyLogin" time="0.016"/>
</testsuite> <!-- com.testngsamples.Samples.Example7_1_G1 -->
