<?xml version="1.0" encoding="UTF-8"?>
<!-- Generated by org.testng.reporters.JUnitReportReporter -->
<testsuite hostname="LAPTOP-J08G42B1" failures="0" tests="2" name="com.testngsamples.Samples.Example1" time="0.023" errors="0" timestamp="2025-03-25T14:42:11 IST" skipped="0">
  <testcase classname="com.testngsamples.Samples.Example1" name="testCasel" time="0.007"/>
  <testcase classname="com.testngsamples.Samples.Example1" name="testCase2" time="0.016"/>
</testsuite> <!-- com.testngsamples.Samples.Example1 -->
