<?xml version="1.0" encoding="UTF-8"?>
<!-- Generated by org.testng.reporters.JUnitReportReporter -->
<testsuite hostname="LAPTOP-J08G42B1" failures="0" tests="8" name="com.testngsamples.Samples.Example7_2" time="0.061" errors="0" timestamp="2025-03-25T15:08:11 IST" skipped="0">
  <testcase classname="com.testngsamples.Samples.Example7_2" name="apple1" time="0.021"/>
  <testcase classname="com.testngsamples.Samples.Example7_2" name="moto2" time="0.005"/>
  <testcase classname="com.testngsamples.Samples.Example7_2" name="lenovo2" time="0.008"/>
  <testcase classname="com.testngsamples.Samples.Example7_2" name="vivo2" time="0.004"/>
  <testcase classname="com.testngsamples.Samples.Example7_2" name="lenovo1" time="0.003"/>
  <testcase classname="com.testngsamples.Samples.Example7_2" name="moto1" time="0.010"/>
  <testcase classname="com.testngsamples.Samples.Example7_2" name="apple2" time="0.006"/>
  <testcase classname="com.testngsamples.Samples.Example7_2" name="vivo1" time="0.004"/>
</testsuite> <!-- com.testngsamples.Samples.Example7_2 -->
