<?xml version="1.0" encoding="UTF-8"?>
<!-- Generated by org.testng.reporters.JUnitReportReporter -->
<testsuite hostname="LAPTOP-J08G42B1" failures="0" tests="2" name="com.testngsamples.Samples.Example7_1" time="0.011" errors="0" timestamp="2025-03-23T14:39:43 IST" skipped="0">
  <testcase classname="com.testngsamples.Samples.Example7_1" name="FacultyDetails" time="0.008"/>
  <testcase classname="com.testngsamples.Samples.Example7_1" name="FacultyLogin" time="0.003"/>
</testsuite> <!-- com.testngsamples.Samples.Example7_1 -->
