<?xml version="1.0" encoding="UTF-8"?>
<!-- Generated by org.testng.reporters.JUnitReportReporter -->
<testsuite hostname="LAPTOP-J08G42B1" failures="0" tests="11" name="com.testngsamples.Samples.Example5" time="0.064" errors="0" timestamp="2025-03-25T14:55:53 IST" skipped="0">
  <testcase classname="com.testngsamples.Samples.Example5" name="sample" time="0.002"/>
  <testcase classname="com.testngsamples.Samples.Example5" name="sample" time="0.003"/>
  <testcase classname="com.testngsamples.Samples.Example5" name="sample" time="0.003"/>
  <testcase classname="com.testngsamples.Samples.Example5" name="sample" time="0.003"/>
  <testcase classname="com.testngsamples.Samples.Example5" name="sample" time="0.031"/>
  <testcase classname="com.testngsamples.Samples.Example5" name="sample" time="0.002"/>
  <testcase classname="com.testngsamples.Samples.Example5" name="sample" time="0.006"/>
  <testcase classname="com.testngsamples.Samples.Example5" name="sample" time="0.005"/>
  <testcase classname="com.testngsamples.Samples.Example5" name="sample1" time="0.002"/>
  <testcase classname="com.testngsamples.Samples.Example5" name="sample" time="0.003"/>
  <testcase classname="com.testngsamples.Samples.Example5" name="sample" time="0.004"/>
</testsuite> <!-- com.testngsamples.Samples.Example5 -->
