<?xml version="1.0" encoding="UTF-8"?>
<!-- Generated by org.testng.reporters.JUnitReportReporter -->
<testsuite hostname="LAPTOP-J08G42B1" failures="0" tests="3" name="com.testngsamples.Samples.Example10_2" time="0.009" errors="0" timestamp="2025-03-23T15:44:30 IST" skipped="0">
  <testcase classname="com.testngsamples.Samples.Example10_2" name="Login" time="0.001"/>
  <testcase classname="com.testngsamples.Samples.Example10_2" name="Login" time="0.007"/>
  <testcase classname="com.testngsamples.Samples.Example10_2" name="Login" time="0.001"/>
</testsuite> <!-- com.testngsamples.Samples.Example10_2 -->
