<?xml version="1.0" encoding="UTF-8"?>
<!-- Generated by org.testng.reporters.JUnitReportReporter -->
<testsuite hostname="LAPTOP-J08G42B1" failures="0" tests="2" name="com.testngsamples.Samples.Example3" time="0.027" errors="0" timestamp="2025-03-24T15:32:30 IST" skipped="1">
  <testcase classname="com.testngsamples.Samples.Example3" name="nonSkipTest" time="0.004"/>
  <testcase classname="com.testngsamples.Samples.Example3" name="aSkipTest" time="0.023">
    <skipped/>
  </testcase> <!-- aSkipTest -->
</testsuite> <!-- com.testngsamples.Samples.Example3 -->
