<?xml version="1.0" encoding="UTF-8"?>
<!-- Generated by org.testng.reporters.JUnitReportReporter -->
<testsuite hostname="LAPTOP-J08G42B1" failures="0" tests="1" name="com.testngsamples.Samples.Example9_2" time="0.010" errors="0" timestamp="2025-03-25T15:48:02 IST" skipped="0">
  <testcase classname="com.testngsamples.Samples.Example9_2" name="sample1" time="0.010"/>
</testsuite> <!-- com.testngsamples.Samples.Example9_2 -->
