<?xml version="1.0" encoding="UTF-8"?>
<!-- Generated by org.testng.reporters.JUnitReportReporter -->
<testsuite hostname="LAPTOP-J08G42B1" failures="0" tests="2" name="com.testngsamples.Samples.Example12_3" time="0.019" errors="0" timestamp="2025-03-25T16:44:15 IST" skipped="0">
  <testcase classname="com.testngsamples.Samples.Example12_3" name="StudentDetails" time="0.012"/>
  <testcase classname="com.testngsamples.Samples.Example12_3" name="StudentLogin" time="0.007"/>
</testsuite> <!-- com.testngsamples.Samples.Example12_3 -->
