<?xml version="1.0" encoding="UTF-8"?>
<!-- Generated by org.testng.reporters.JUnitReportReporter -->
<testsuite hostname="LAPTOP-J08G42B1" failures="0" tests="5" name="com.testngsamples.Samples.Example4_1" time="0.044" errors="0" timestamp="2025-03-25T14:53:58 IST" skipped="0">
  <testcase classname="com.testngsamples.Samples.Example4_1" name="startTheCar" time="0.019"/>
  <testcase classname="com.testngsamples.Samples.Example4_1" name="shiftFirstGear" time="0.005"/>
  <testcase classname="com.testngsamples.Samples.Example4_1" name="shiftSecondGear" time="0.007"/>
  <testcase classname="com.testngsamples.Samples.Example4_1" name="shiftThirdGear" time="0.007"/>
  <testcase classname="com.testngsamples.Samples.Example4_1" name="shiftFourthGear" time="0.006"/>
</testsuite> <!-- com.testngsamples.Samples.Example4_1 -->
