<?xml version="1.0" encoding="UTF-8"?>
<!-- Generated by org.testng.reporters.JUnitReportReporter -->
<testsuite hostname="LAPTOP-J08G42B1" failures="0" tests="2" name="com.testngsamples.Samples.Example12_1" time="0.017" errors="0" timestamp="2025-03-25T16:44:15 IST" skipped="0">
  <testcase classname="com.testngsamples.Samples.Example12_1" name="FacultyLogin" time="0.004"/>
  <testcase classname="com.testngsamples.Samples.Example12_1" name="FacultyDetails" time="0.013"/>
</testsuite> <!-- com.testngsamples.Samples.Example12_1 -->
